<?xml version="1.0" encoding="UTF-8"?>
<!-- Generated by org.testng.reporters.JUnitXMLReporter -->
<testsuite ignored="0" hostname="9704276395mama" failures="0" tests="3" name="Default test" time="11.849" errors="0" timestamp="2024-04-16T15:24:20 IST">
  <testcase classname="Test_Scenarios.TestMethods_GoogleSearch" name="SearchOperation" time="2.553"/>
  <testcase classname="Test_Scenarios.TestMethods_GoogleSearch" name="VerifyandAccessFacebook" time="2.561"/>
  <testcase classname="Test_Scenarios.TestMethods_GoogleSearch" name="VerifyLoginfunctionality" time="1.926"/>
</testsuite> <!-- Default test -->
