<?xml version="1.0" encoding="UTF-8"?>
<testng-results ignored="0" total="3" passed="3" failed="0" skipped="0">
  <reporter-output>
  </reporter-output>
  <suite started-at="2024-04-16T15:24:08 IST" name="Default suite" finished-at="2024-04-16T15:24:20 IST" duration-ms="11849">
    <groups>
    </groups>
    <test started-at="2024-04-16T15:24:08 IST" name="Default test" finished-at="2024-04-16T15:24:20 IST" duration-ms="11849">
      <class name="Test_Scenarios.TestMethods_GoogleSearch">
        <test-method is-config="true" signature="beforetest()[pri:0, instance:Test_Scenarios.TestMethods_GoogleSearch@75d3a5e0]" started-at="2024-04-16T15:24:08 IST" name="beforetest" finished-at="2024-04-16T15:24:12 IST" duration-ms="4117" status="PASS">
          <reporter-output>
          </reporter-output>
        </test-method> <!-- beforetest -->
        <test-method signature="SearchOperation()[pri:0, instance:Test_Scenarios.TestMethods_GoogleSearch@75d3a5e0]" started-at="2024-04-16T15:24:12 IST" name="SearchOperation" finished-at="2024-04-16T15:24:14 IST" duration-ms="2553" status="PASS">
          <reporter-output>
          </reporter-output>
        </test-method> <!-- SearchOperation -->
        <test-method signature="VerifyandAccessFacebook()[pri:1, instance:Test_Scenarios.TestMethods_GoogleSearch@75d3a5e0]" started-at="2024-04-16T15:24:14 IST" name="VerifyandAccessFacebook" finished-at="2024-04-16T15:24:17 IST" duration-ms="2561" status="PASS">
          <reporter-output>
          </reporter-output>
        </test-method> <!-- VerifyandAccessFacebook -->
        <test-method signature="VerifyLoginfunctionality()[pri:2, instance:Test_Scenarios.TestMethods_GoogleSearch@75d3a5e0]" started-at="2024-04-16T15:24:17 IST" name="VerifyLoginfunctionality" finished-at="2024-04-16T15:24:19 IST" duration-ms="1926" status="PASS">
          <reporter-output>
          </reporter-output>
        </test-method> <!-- VerifyLoginfunctionality -->
        <test-method is-config="true" signature="aftertest()[pri:0, instance:Test_Scenarios.TestMethods_GoogleSearch@75d3a5e0]" started-at="2024-04-16T15:24:19 IST" name="aftertest" finished-at="2024-04-16T15:24:20 IST" duration-ms="643" status="PASS">
          <reporter-output>
          </reporter-output>
        </test-method> <!-- aftertest -->
      </class> <!-- Test_Scenarios.TestMethods_GoogleSearch -->
    </test> <!-- Default test -->
  </suite> <!-- Default suite -->
</testng-results>
